
  .   ____          _            __ _ _
 /\\ / ___'_ __ _ _(_)_ __  __ _ \ \ \ \
( ( )\___ | '_ | '_| | '_ \/ _` | \ \ \ \
 \\/  ___)| |_)| | | | | || (_| |  ) ) ) )
  '  |____| .__|_| |_|_| |_\__, | / / / /
 =========|_|==============|___/=/_/_/_/

 :: Spring Boot ::                (v3.3.5)

2026-04-10T14:41:26.684+08:00  INFO 24004 --- [market-data-service-java] [           main] c.e.m.MarketDataServiceApplication       : Starting MarketDataServiceApplication v0.1.0-SNAPSHOT using Java 21.0.3 with PID 24004 (/Users/adam/trading_system/services/market-data-service-java/target/market-data-service-java-0.1.0-SNAPSHOT.jar started by adam in /Users/adam/trading_system)
2026-04-10T14:41:26.688+08:00  INFO 24004 --- [market-data-service-java] [           main] c.e.m.MarketDataServiceApplication       : No active profile set, falling back to 1 default profile: "default"
2026-04-10T14:41:27.215+08:00  INFO 24004 --- [market-data-service-java] [           main] .s.d.r.c.RepositoryConfigurationDelegate : Multiple Spring Data modules found, entering strict repository configuration mode
2026-04-10T14:41:27.217+08:00  INFO 24004 --- [market-data-service-java] [           main] .s.d.r.c.RepositoryConfigurationDelegate : Bootstrapping Spring Data Redis repositories in DEFAULT mode.
2026-04-10T14:41:27.237+08:00  INFO 24004 --- [market-data-service-java] [           main] .s.d.r.c.RepositoryConfigurationDelegate : Finished Spring Data repository scanning in 6 ms. Found 0 Redis repository interfaces.
2026-04-10T14:41:27.471+08:00  INFO 24004 --- [market-data-service-java] [           main] o.s.b.w.embedded.tomcat.TomcatWebServer  : Tomcat initialized with port 8095 (http)
2026-04-10T14:41:27.479+08:00  INFO 24004 --- [market-data-service-java] [           main] o.apache.catalina.core.StandardService   : Starting service [Tomcat]
2026-04-10T14:41:27.479+08:00  INFO 24004 --- [market-data-service-java] [           main] o.apache.catalina.core.StandardEngine    : Starting Servlet engine: [Apache Tomcat/10.1.31]
2026-04-10T14:41:27.498+08:00  INFO 24004 --- [market-data-service-java] [           main] o.a.c.c.C.[Tomcat].[localhost].[/]       : Initializing Spring embedded WebApplicationContext
2026-04-10T14:41:27.498+08:00  INFO 24004 --- [market-data-service-java] [           main] w.s.c.ServletWebServerApplicationContext : Root WebApplicationContext: initialization completed in 785 ms
2026-04-10T14:41:28.041+08:00  INFO 24004 --- [market-data-service-java] [           main] o.s.b.a.e.web.EndpointLinksResolver      : Exposing 3 endpoints beneath base path '/actuator'
2026-04-10T14:41:28.091+08:00  INFO 24004 --- [market-data-service-java] [           main] o.s.b.w.embedded.tomcat.TomcatWebServer  : Tomcat started on port 8095 (http) with context path '/'
2026-04-10T14:41:28.103+08:00  INFO 24004 --- [market-data-service-java] [           main] c.e.m.MarketDataServiceApplication       : Started MarketDataServiceApplication in 1.635 seconds (process running for 1.939)
2026-04-10T14:41:28.221+08:00  INFO 24004 --- [market-data-service-java] [omcat-handler-0] o.a.c.c.C.[Tomcat].[localhost].[/]       : Initializing Spring DispatcherServlet 'dispatcherServlet'
2026-04-10T14:41:28.221+08:00  INFO 24004 --- [market-data-service-java] [omcat-handler-0] o.s.web.servlet.DispatcherServlet        : Initializing Servlet 'dispatcherServlet'
2026-04-10T14:41:28.222+08:00  INFO 24004 --- [market-data-service-java] [omcat-handler-0] o.s.web.servlet.DispatcherServlet        : Completed initialization in 1 ms
