
  .   ____          _            __ _ _
 /\\ / ___'_ __ _ _(_)_ __  __ _ \ \ \ \
( ( )\___ | '_ | '_| | '_ \/ _` | \ \ \ \
 \\/  ___)| |_)| | | | | || (_| |  ) ) ) )
  '  |____| .__|_| |_|_| |_\__, | / / / /
 =========|_|==============|___/=/_/_/_/

 :: Spring Boot ::                (v3.3.5)

2026-04-10T14:41:22.462+08:00  INFO 23919 --- [notification-service-java] [           main] c.e.n.NotificationServiceApplication     : Starting NotificationServiceApplication v0.1.0-SNAPSHOT using Java 21.0.3 with PID 23919 (/Users/adam/trading_system/services/notification-service-java/target/notification-service-java-0.1.0-SNAPSHOT.jar started by adam in /Users/adam/trading_system)
2026-04-10T14:41:22.463+08:00  INFO 23919 --- [notification-service-java] [           main] c.e.n.NotificationServiceApplication     : No active profile set, falling back to 1 default profile: "default"
2026-04-10T14:41:23.239+08:00  INFO 23919 --- [notification-service-java] [           main] o.s.b.w.embedded.tomcat.TomcatWebServer  : Tomcat initialized with port 8094 (http)
2026-04-10T14:41:23.246+08:00  INFO 23919 --- [notification-service-java] [           main] o.apache.catalina.core.StandardService   : Starting service [Tomcat]
2026-04-10T14:41:23.246+08:00  INFO 23919 --- [notification-service-java] [           main] o.apache.catalina.core.StandardEngine    : Starting Servlet engine: [Apache Tomcat/10.1.31]
2026-04-10T14:41:23.264+08:00  INFO 23919 --- [notification-service-java] [           main] o.a.c.c.C.[Tomcat].[localhost].[/]       : Initializing Spring embedded WebApplicationContext
2026-04-10T14:41:23.264+08:00  INFO 23919 --- [notification-service-java] [           main] w.s.c.ServletWebServerApplicationContext : Root WebApplicationContext: initialization completed in 769 ms
2026-04-10T14:41:23.688+08:00  INFO 23919 --- [notification-service-java] [           main] o.s.b.a.e.web.EndpointLinksResolver      : Exposing 3 endpoints beneath base path '/actuator'
2026-04-10T14:41:23.733+08:00  INFO 23919 --- [notification-service-java] [           main] o.s.b.w.embedded.tomcat.TomcatWebServer  : Tomcat started on port 8094 (http) with context path '/'
2026-04-10T14:41:23.861+08:00  INFO 23919 --- [notification-service-java] [           main] c.e.n.grpc.GrpcNotificationServer        : notification gRPC server listening on port 10084 with virtual threads
2026-04-10T14:41:23.862+08:00  INFO 23919 --- [notification-service-java] [           main] o.s.m.s.b.SimpleBrokerMessageHandler     : Starting...
2026-04-10T14:41:23.863+08:00  INFO 23919 --- [notification-service-java] [           main] o.s.m.s.b.SimpleBrokerMessageHandler     : BrokerAvailabilityEvent[available=true, SimpleBrokerMessageHandler [org.springframework.messaging.simp.broker.DefaultSubscriptionRegistry@17136390]]
2026-04-10T14:41:23.863+08:00  INFO 23919 --- [notification-service-java] [           main] o.s.m.s.b.SimpleBrokerMessageHandler     : Started.
2026-04-10T14:41:23.877+08:00  INFO 23919 --- [notification-service-java] [           main] c.e.n.NotificationServiceApplication     : Started NotificationServiceApplication in 1.643 seconds (process running for 1.959)
2026-04-10T14:41:23.972+08:00  INFO 23919 --- [notification-service-java] [omcat-handler-0] o.a.c.c.C.[Tomcat].[localhost].[/]       : Initializing Spring DispatcherServlet 'dispatcherServlet'
2026-04-10T14:41:23.972+08:00  INFO 23919 --- [notification-service-java] [omcat-handler-0] o.s.web.servlet.DispatcherServlet        : Initializing Servlet 'dispatcherServlet'
2026-04-10T14:41:23.973+08:00  INFO 23919 --- [notification-service-java] [omcat-handler-0] o.s.web.servlet.DispatcherServlet        : Completed initialization in 0 ms
